# JRE version: OpenJDK Runtime Environment (17.0.6) (build 17.0.6+0-b2043.56-10027231)
# Java VM: OpenJDK 64-Bit Server VM (17.0.6+0-b2043.56-10027231, mixed mode, tiered, compressed oops, compressed class ptrs, g1 gc, windows-amd64)
GC Precious Log:
 CPUs: 12 total, 12 available
 Memory: 16200M
 Large Page Support: Disabled
 NUMA Support: Disabled
 Compressed Oops: Enabled (Zero based)
 Heap Region Size: 2M
 Heap Min Capacity: 8M
 Heap Initial Capacity: 254M
 Heap Max Capacity: 4052M
 Pre-touch: Disabled
 Parallel Workers: 10
 Concurrent Workers: 3
 Concurrent Refinement Workers: 10
 Periodic GC: Disabled
Heap:
 garbage-first heap   total 131072K, used 85815K [0x0000000702c00000, 0x0000000800000000)
  region size 2048K, 22 young (45056K), 2 survivors (4096K)
 Metaspace       used 64104K, committed 64448K, reserved 1105920K
  class space    used 7430K, committed 7616K, reserved 1048576K
GC Heap History (20 events):
Event: 1.981 GC heap before
{Heap before GC invocations=5 (full 0):
 garbage-first heap   total 43008K, used 26707K [0x0000000702c00000, 0x0000000800000000)
  region size 2048K, 7 young (14336K), 2 survivors (4096K)
 Metaspace       used 32301K, committed 32512K, reserved 1081344K
  class space    used 4143K, committed 4288K, reserved 1048576K
}
Event: 1.987 GC heap after
{Heap after GC invocations=6 (full 0):
 garbage-first heap   total 43008K, used 17819K [0x0000000702c00000, 0x0000000800000000)
  region size 2048K, 1 young (2048K), 1 survivors (2048K)
 Metaspace       used 32301K, committed 32512K, reserved 1081344K
  class space    used 4143K, committed 4288K, reserved 1048576K
}
Event: 2.125 GC heap before
{Heap before GC invocations=6 (full 0):
 garbage-first heap   total 43008K, used 28059K [0x0000000702c00000, 0x0000000800000000)
  region size 2048K, 6 young (12288K), 1 survivors (2048K)
 Metaspace       used 34178K, committed 34432K, reserved 1081344K
  class space    used 4346K, committed 4480K, reserved 1048576K
}
Event: 2.128 GC heap after
{Heap after GC invocations=7 (full 0):
 garbage-first heap   total 151552K, used 16426K [0x0000000702c00000, 0x0000000800000000)
  region size 2048K, 1 young (2048K), 1 survivors (2048K)
 Metaspace       used 34178K, committed 34432K, reserved 1081344K
  class space    used 4346K, committed 4480K, reserved 1048576K
}
Event: 2.246 GC heap before
{Heap before GC invocations=7 (full 0):
 garbage-first heap   total 151552K, used 22570K [0x0000000702c00000, 0x0000000800000000)
  region size 2048K, 5 young (10240K), 1 survivors (2048K)
 Metaspace       used 35709K, committed 35968K, reserved 1081344K
  class space    used 4522K, committed 4672K, reserved 1048576K
}
Event: 2.249 GC heap after
{Heap after GC invocations=8 (full 0):
 garbage-first heap   total 151552K, used 17338K [0x0000000702c00000, 0x0000000800000000)
  region size 2048K, 2 young (4096K), 2 survivors (4096K)
 Metaspace       used 35709K, committed 35968K, reserved 1081344K
  class space    used 4522K, committed 4672K, reserved 1048576K
}
Event: 2.956 GC heap before
{Heap before GC invocations=9 (full 0):
 garbage-first heap   total 75776K, used 60346K [0x0000000702c00000, 0x0000000800000000)
  region size 2048K, 24 young (49152K), 2 survivors (4096K)
 Metaspace       used 45359K, committed 45632K, reserved 1089536K
  class space    used 5523K, committed 5632K, reserved 1048576K
}
Event: 2.964 GC heap after
{Heap after GC invocations=10 (full 0):
 garbage-first heap   total 75776K, used 21266K [0x0000000702c00000, 0x0000000800000000)
  region size 2048K, 4 young (8192K), 4 survivors (8192K)
 Metaspace       used 45359K, committed 45632K, reserved 1089536K
  class space    used 5523K, committed 5632K, reserved 1048576K
}
Event: 3.284 GC heap before
{Heap before GC invocations=10 (full 0):
 garbage-first heap   total 75776K, used 54034K [0x0000000702c00000, 0x0000000800000000)
  region size 2048K, 20 young (40960K), 4 survivors (8192K)
 Metaspace       used 47819K, committed 48064K, reserved 1097728K
  class space    used 5777K, committed 5888K, reserved 1048576K
}
Event: 3.292 GC heap after
{Heap after GC invocations=11 (full 0):
 garbage-first heap   total 75776K, used 25703K [0x0000000702c00000, 0x0000000800000000)
  region size 2048K, 2 young (4096K), 2 survivors (4096K)
 Metaspace       used 47819K, committed 48064K, reserved 1097728K
  class space    used 5777K, committed 5888K, reserved 1048576K
}
Event: 3.740 GC heap before
{Heap before GC invocations=11 (full 0):
 garbage-first heap   total 75776K, used 52327K [0x0000000702c00000, 0x0000000800000000)
  region size 2048K, 15 young (30720K), 2 survivors (4096K)
 Metaspace       used 50705K, committed 50880K, reserved 1097728K
  class space    used 6069K, committed 6144K, reserved 1048576K
}
Event: 3.751 GC heap after
{Heap after GC invocations=12 (full 0):
 garbage-first heap   total 92160K, used 31984K [0x0000000702c00000, 0x0000000800000000)
  region size 2048K, 2 young (4096K), 2 survivors (4096K)
 Metaspace       used 50705K, committed 50880K, reserved 1097728K
  class space    used 6069K, committed 6144K, reserved 1048576K
}
Event: 4.331 GC heap before
{Heap before GC invocations=12 (full 0):
 garbage-first heap   total 92160K, used 62704K [0x0000000702c00000, 0x0000000800000000)
  region size 2048K, 17 young (34816K), 2 survivors (4096K)
 Metaspace       used 52960K, committed 53184K, reserved 1097728K
  class space    used 6237K, committed 6336K, reserved 1048576K
}
Event: 4.346 GC heap after
{Heap after GC invocations=13 (full 0):
 garbage-first heap   total 92160K, used 38183K [0x0000000702c00000, 0x0000000800000000)
  region size 2048K, 3 young (6144K), 3 survivors (6144K)
 Metaspace       used 52960K, committed 53184K, reserved 1097728K
  class space    used 6237K, committed 6336K, reserved 1048576K
}
Event: 4.573 GC heap before
{Heap before GC invocations=13 (full 0):
 garbage-first heap   total 92160K, used 64807K [0x0000000702c00000, 0x0000000800000000)
  region size 2048K, 16 young (32768K), 3 survivors (6144K)
 Metaspace       used 53488K, committed 53760K, reserved 1097728K
  class space    used 6282K, committed 6400K, reserved 1048576K
}
Event: 4.587 GC heap after
{Heap after GC invocations=14 (full 0):
 garbage-first heap   total 92160K, used 42059K [0x0000000702c00000, 0x0000000800000000)
  region size 2048K, 2 young (4096K), 2 survivors (4096K)
 Metaspace       used 53488K, committed 53760K, reserved 1097728K
  class space    used 6282K, committed 6400K, reserved 1048576K
}
Event: 4.730 GC heap before
{Heap before GC invocations=14 (full 0):
 garbage-first heap   total 92160K, used 66635K [0x0000000702c00000, 0x0000000800000000)
  region size 2048K, 14 young (28672K), 2 survivors (4096K)
 Metaspace       used 54290K, committed 54528K, reserved 1097728K
  class space    used 6395K, committed 6528K, reserved 1048576K
}
Event: 4.739 GC heap after
{Heap after GC invocations=15 (full 0):
 garbage-first heap   total 92160K, used 44541K [0x0000000702c00000, 0x0000000800000000)
  region size 2048K, 1 young (2048K), 1 survivors (2048K)
 Metaspace       used 54290K, committed 54528K, reserved 1097728K
  class space    used 6395K, committed 6528K, reserved 1048576K
}
Event: 5.474 GC heap before
{Heap before GC invocations=15 (full 0):
 garbage-first heap   total 92160K, used 69117K [0x0000000702c00000, 0x0000000800000000)
  region size 2048K, 13 young (26624K), 1 survivors (2048K)
 Metaspace       used 59025K, committed 59200K, reserved 1105920K
  class space    used 6962K, committed 7040K, reserved 1048576K
}
Event: 5.483 GC heap after
{Heap after GC invocations=16 (full 0):
 garbage-first heap   total 131072K, used 46903K [0x0000000702c00000, 0x0000000800000000)
  region size 2048K, 2 young (4096K), 2 survivors (4096K)
 Metaspace       used 59025K, committed 59200K, reserved 1105920K
  class space    used 6962K, committed 7040K, reserved 1048576K
}

